  Description.cpp
C:\Users\morit\source\repos\encounter_generator\Environment.h(10,1): error C2504: 'Object': base class undefined
C:\Users\morit\source\repos\encounter_generator\Highlight.h(10,1): error C2504: 'Object': base class undefined
C:\Users\morit\source\repos\encounter_generator\Encounter.h(45,14): error C3646: 'description': unknown override specifier
C:\Users\morit\source\repos\encounter_generator\Encounter.h(45,25): error C4430: missing type specifier - int assumed. Note: C++ does not support default-int
  Encounter.cpp
C:\Users\morit\source\repos\encounter_generator\Object.h(12,9): error C2460: 'Object::Encounter': uses 'Object', which is being defined
C:\Users\morit\source\repos\encounter_generator\Object.h(8): message : see declaration of 'Object'
C:\Users\morit\source\repos\encounter_generator\Description.h(12): error C2327: 'Object::Encounter': is not a type name, static, or enumerator
C:\Users\morit\source\repos\encounter_generator\Description.h(12,16): error C2327: 'Object::Encounter': is not a type name, static, or enumerator
C:\Users\morit\source\repos\encounter_generator\Environment.h(12): error C2327: 'Object::Encounter': is not a type name, static, or enumerator
C:\Users\morit\source\repos\encounter_generator\Environment.h(12,16): error C2327: 'Object::Encounter': is not a type name, static, or enumerator
C:\Users\morit\source\repos\encounter_generator\Highlight.h(12): error C2327: 'Object::Encounter': is not a type name, static, or enumerator
C:\Users\morit\source\repos\encounter_generator\Highlight.h(12,14): error C2327: 'Object::Encounter': is not a type name, static, or enumerator
C:\Users\morit\source\repos\encounter_generator\Encounter.cpp(4,12): warning C4244: 'argument': conversion from 'time_t' to 'unsigned int', possible loss of data
C:\Users\morit\source\repos\encounter_generator\Encounter.cpp(10,12): warning C4244: 'argument': conversion from 'time_t' to 'unsigned int', possible loss of data
  encounter_generator.cpp
C:\Users\morit\source\repos\encounter_generator\Object.h(12,9): error C2460: 'Object::Encounter': uses 'Object', which is being defined
C:\Users\morit\source\repos\encounter_generator\Object.h(8): message : see declaration of 'Object'
C:\Users\morit\source\repos\encounter_generator\Description.h(12): error C2327: 'Object::Encounter': is not a type name, static, or enumerator
C:\Users\morit\source\repos\encounter_generator\Description.h(12,16): error C2327: 'Object::Encounter': is not a type name, static, or enumerator
C:\Users\morit\source\repos\encounter_generator\Environment.h(12): error C2327: 'Object::Encounter': is not a type name, static, or enumerator
C:\Users\morit\source\repos\encounter_generator\Environment.h(12,16): error C2327: 'Object::Encounter': is not a type name, static, or enumerator
C:\Users\morit\source\repos\encounter_generator\Highlight.h(12): error C2327: 'Object::Encounter': is not a type name, static, or enumerator
C:\Users\morit\source\repos\encounter_generator\Highlight.h(12,14): error C2327: 'Object::Encounter': is not a type name, static, or enumerator
  Environment.cpp
C:\Users\morit\source\repos\encounter_generator\Description.h(10,1): error C2504: 'Object': base class undefined
C:\Users\morit\source\repos\encounter_generator\Highlight.h(10,1): error C2504: 'Object': base class undefined
C:\Users\morit\source\repos\encounter_generator\Encounter.h(46,14): error C3646: 'environment': unknown override specifier
C:\Users\morit\source\repos\encounter_generator\Encounter.h(46,25): error C4430: missing type specifier - int assumed. Note: C++ does not support default-int
  Highlight.cpp
C:\Users\morit\source\repos\encounter_generator\Description.h(10,1): error C2504: 'Object': base class undefined
C:\Users\morit\source\repos\encounter_generator\Environment.h(10,1): error C2504: 'Object': base class undefined
C:\Users\morit\source\repos\encounter_generator\Encounter.h(47,12): error C3646: 'highlight': unknown override specifier
C:\Users\morit\source\repos\encounter_generator\Encounter.h(47,21): error C4430: missing type specifier - int assumed. Note: C++ does not support default-int
  Object.cpp
C:\Users\morit\source\repos\encounter_generator\Description.h(10,1): error C2504: 'Object': base class undefined
C:\Users\morit\source\repos\encounter_generator\Environment.h(10,1): error C2504: 'Object': base class undefined
C:\Users\morit\source\repos\encounter_generator\Highlight.h(10,1): error C2504: 'Object': base class undefined
  Generating Code...
